= Host-specific information ====================================================
$> hostname; uname -msr
z4r1p5.42lyon.fr
Linux 5.4.0-139-generic x86_64
$> date
Thu 23 Feb 2023 03:44:02 PM CET

= User files collection ========================================================
Collecting user files from Vogsphere
Repository URL: git@vogsphere.42lyon.fr:exam-2023-02-23/lburnet_exam-rank-06_exam_13h42m57s.git

= Git history ==================================================================
$> git -C /tmp/tmp8thet334/user log --pretty='%H - %an, %ad : %s'
70e4345fa190ffa6c76d80bc08edbee6a979409d - Exam 42, Thu Feb 23 15:42:43 2023 +0100 : avec le bon nom de dossier
115c6f9e68c89bef21799d695b1479d3cddda9f8 - Exam 42, Thu Feb 23 15:40:41 2023 +0100 : je sens que le test 7 ne passera pas
 
= Collected files ==========================================
$> ls -lAR /tmp/tmp8thet334/user
/tmp/tmp8thet334/user:
total 12
-rw-r--r-- 1 root root  557 Feb 23 15:44 __GIT_HISTORY
drwxr-xr-x 2 root root 4096 Feb 23 15:44 mini-serv
drwxr-xr-x 2 root root 4096 Feb 23 15:44 mini_serv

/tmp/tmp8thet334/user/mini-serv:
total 4
-rw-r--r-- 1 root root 2679 Feb 23 15:44 mini_serv.c

/tmp/tmp8thet334/user/mini_serv:
total 4
-rw-r--r-- 1 root root 2679 Feb 23 15:44 mini_serv.c
 
= mini_serv ====================================================================
$> cc -Wextra -Wall -Werror fcntl.c mini_serv.c -o user_exe -ldl

$> cc -Wextra -Wall -Werror main.c fcntl.c -o ref_exe -ldl

= Test 1 ===================================================
$> ./d4z3jmc9fh73ikuqvcg7ck7v
$> ./d4z3jmc9fh73ikuqvcg7ck7v
$> diff -U 3 user_output_test1 test1.output | cat -e

Diff OK :D
= Test 2 ===================================================
$> ./qc3cjotob46r24uh6lyq40g0 22
$> ./qc3cjotob46r24uh6lyq40g0 22
$> diff -U 3 user_output_test2 test2.output | cat -e

Diff OK :D
= Test 3 ===================================================
$> ./tester ./0edp9apg8wss8tlesp2rffpn generated3.test 33093487 | sort
$> ./tester ./0edp9apg8wss8tlesp2rffpn generated3.test 33093487 | sort
$> diff -U 3 user_output_test3 test3.output | cat -e

Diff OK :D
= Test 4 ===================================================
$> ./tester ./fffn5d7j6a5l6vi1uhr7kgrh generated4.test 33061026 | sort
$> ./tester ./fffn5d7j6a5l6vi1uhr7kgrh generated4.test 33061026 | sort
$> diff -U 3 user_output_test4 test4.output | cat -e

Diff OK :D
= Test 5 ===================================================
$> ./tester ./g5wqjon973kvysgiuweswtf9 generated5.test 20922255 | sort
$> ./tester ./g5wqjon973kvysgiuweswtf9 generated5.test 20922255 | sort
$> diff -U 3 user_output_test5 test5.output | cat -e

Diff OK :D
= Test 6 ===================================================
$> ./tester ./ths2kaawqlncfsoybrgb1ll3 generated6.test 19277063 | sort
$> ./tester ./ths2kaawqlncfsoybrgb1ll3 generated6.test 19277063 | sort
$> diff -U 3 user_output_test6 test6.output | cat -e

Diff OK :D
= Test 7 ===================================================
$> ./tester ./74myu8to5knwbfa6w1kxes9k generated7.test 14019890 | sort
$> ./tester ./74myu8to5knwbfa6w1kxes9k generated7.test 14019890 | sort
$> diff -U 3 user_output_test7 test7.output | cat -e
--- user_output_test7	2023-02-23 14:44:36.825949586 +0000$
+++ test7.output	2023-02-23 14:44:39.261947464 +0000$
@@ -1,2 +1,54 @@$
+received 1: client 1: $
+received 1: client 1: $
+received 1: client 1: $
+received 1: client 1: $
+received 1: client 1: $
+received 1: client 1: $
+received 1: client 1: $
+received 1: client 1: $
+received 1: client 1: $
+received 1: client 1: $
+received 1: client 1: $
+received 1: client 1: $
+received 1: client 1: $
+received 1: client 1: $
+received 1: client 1: $
+received 1: client 1: $
+received 1: client 1: $
+received 1: client 1: $
+received 1: client 1: $
+received 1: client 1: $
+received 1: client 1: $
+received 1: client 1: $
+received 1: client 1: $
+received 1: client 1: evxl7yjr1ukez1k7dxgwoclwwswuao1wdpvmc4fx17rwhq20relrogoeetzys7wtmoekjtp1f1qwc1pxt8bicn9cgv3rwzpzc51l$
+received 1: client 1: kak7y03efukwv417vixnka335pluu8celjnmw9gbuamn8o3e71dbqx5xn8dpl5zw5tji0gsqe8tqkxlsttjnn4fmxnz15ukpvchl$
+received 1: client 1: tmbf2mpo3zlsn6yq782hj04ozw5fjaeq1n04f84kwkx1hcui6aynek3lthgbs4tfq3no97i9c7ps92x76nbopxrslj0immk3eheq$
 received 1: server: client 1 just arrived$
+received 2: client 0: $
+received 2: client 0: $
+received 2: client 0: $
+received 2: client 0: $
+received 2: client 0: $
+received 2: client 0: $
+received 2: client 0: $
+received 2: client 0: $
+received 2: client 0: $
+received 2: client 0: $
+received 2: client 0: $
+received 2: client 0: $
+received 2: client 0: $
+received 2: client 0: $
+received 2: client 0: $
+received 2: client 0: $
+received 2: client 0: $
+received 2: client 0: $
+received 2: client 0: $
+received 2: client 0: $
+received 2: client 0: $
+received 2: client 0: $
+received 2: client 0: $
+received 2: client 0: 6cex29uqxqbbn9020emxl3bt09yx4dq7kpis9mjin8swqgglz8dth1wcdmmh3qodrghjqjmrj847s2ssfb7cpqascpsp27vypxr2$
+received 2: client 0: fpxy37kc6minqzk8f3jk5om8tgu846ik8ar8mcmu5owxa7nen9zylyeshvnd1yeza12c5wz5mw8al52icmv9ellq2q3etrmoza9t$
+received 2: client 0: v3ztvsbxthck86k3gnk5jpd3gc3q4jt3w7ifreze6qwrnbj1jrn3ttv5znjw3hhw3v66361hn75u3yogpfdjrgyhwqxkshto0gkk$
 received 2: server: client 0 just left$

Diff KO :(
Grade: 0

= Final grade: 0 ===============================================================
