= Host-specific information ====================================================
$> hostname; uname -msr
z4r3p5.42lyon.fr
Linux 5.4.0-137-generic x86_64
$> date
Thu 16 Feb 2023 03:41:44 PM CET

= User files collection ========================================================
Collecting user files from Vogsphere
Repository URL: git@vogsphere.42lyon.fr:exam-2023-02-16/lburnet_exam-rank-06_exam_21h33m54s.git

= Git history ==================================================================
$> git -C /tmp/tmpmgfrc__r/user log --pretty='%H - %an, %ad : %s'
ab7662bad2f8b5f9b22e829249cbd9dd07015a7d - Exam 42, Thu Feb 16 15:40:33 2023 +0100 : 1st try
 
= Collected files ==========================================
$> ls -lAR /tmp/tmpmgfrc__r/user
/tmp/tmpmgfrc__r/user:
total 8
-rw-r--r-- 1 root root  254 Feb 16 15:41 __GIT_HISTORY
drwxr-xr-x 2 root root 4096 Feb 16 15:41 mini_serv

/tmp/tmpmgfrc__r/user/mini_serv:
total 4
-rw-r--r-- 1 root root 3829 Feb 16 15:41 mini_serv.c
 
= mini_serv ====================================================================
$> cc -Wextra -Wall -Werror fcntl.c mini_serv.c -o user_exe -ldl

$> cc -Wextra -Wall -Werror fcntl.c main.c -o ref_exe -ldl

= Test 1 ===================================================
$> ./pu0cx776kbq7ukezudrw1vv0
$> ./pu0cx776kbq7ukezudrw1vv0
$> diff -U 3 user_output_test1 test1.output | cat -e

Diff OK :D
= Test 2 ===================================================
$> ./vd6xqlm436s8ublxrxzhu7un 22
$> ./vd6xqlm436s8ublxrxzhu7un 22
$> diff -U 3 user_output_test2 test2.output | cat -e

Diff OK :D
= Test 3 ===================================================
$> ./tester ./vrqf31u4fambgn2leqlsdq4o generated3.test 9311957 | sort
$> ./tester ./vrqf31u4fambgn2leqlsdq4o generated3.test 9311957 | sort
$> diff -U 3 user_output_test3 test3.output | cat -e

Diff OK :D
= Test 4 ===================================================
$> ./tester ./ip9nyqty9ts3aaj8b0la5li7 generated4.test 32823292 | sort
$> ./tester ./ip9nyqty9ts3aaj8b0la5li7 generated4.test 32823292 | sort
$> diff -U 3 user_output_test4 test4.output | cat -e

Diff OK :D
= Test 5 ===================================================
$> ./tester ./9bmdnjt0i7l72u8ahu9rgdfx generated5.test 23811351 | sort
$> ./tester ./9bmdnjt0i7l72u8ahu9rgdfx generated5.test 23811351 | sort
$> diff -U 3 user_output_test5 test5.output | cat -e

Diff OK :D
= Test 6 ===================================================
$> ./tester ./734799lvq99ekxc6ktoybjt8 generated6.test 4730012 | sort
$> ./tester ./734799lvq99ekxc6ktoybjt8 generated6.test 4730012 | sort
$> diff -U 3 user_output_test6 test6.output | cat -e

Diff OK :D
= Test 7 ===================================================
$> ./tester ./y3u7zrywsd71bczm89b2xq6a generated7.test 8032686 | sort
$> ./tester ./y3u7zrywsd71bczm89b2xq6a generated7.test 8032686 | sort
$> diff -U 3 user_output_test7 test7.output | cat -e
--- user_output_test7	2023-02-16 14:42:14.123279809 +0000$
+++ test7.output	2023-02-16 14:42:16.431273505 +0000$
@@ -1,2 +1,54 @@$
+received 1: client 1: $
+received 1: client 1: $
+received 1: client 1: $
+received 1: client 1: $
+received 1: client 1: $
+received 1: client 1: $
+received 1: client 1: $
+received 1: client 1: $
+received 1: client 1: $
+received 1: client 1: $
+received 1: client 1: $
+received 1: client 1: $
+received 1: client 1: $
+received 1: client 1: $
+received 1: client 1: $
+received 1: client 1: $
+received 1: client 1: $
+received 1: client 1: $
+received 1: client 1: $
+received 1: client 1: $
+received 1: client 1: $
+received 1: client 1: $
+received 1: client 1: $
+received 1: client 1: 4ts7oh9yd0fbep1lyf7bmlwcjikl9jiabc6y77kgnvxzf3e2nz4jfihvmsxcsyd0kbjofgmb58a99daba7j1o7lwpisj8x2rf0b8$
+received 1: client 1: 88ub9nulbyrw47roixkrj403g8kjk1z4gszrid78ez6p2c0wsi1g526qnlinjdvewf8hdflqq4n5ftqr2mger7nlcpsluazpmdpc$
+received 1: client 1: yc9oufzjles1fh7oelm2fh1rhw68niuehuq6813b66q7o8vnaqgkwj3s374xrvcamq99h8z4ygg23h9kdkvtxq8jdwmh4m2ujsro$
 received 1: server: client 1 just arrived$
+received 2: client 0: $
+received 2: client 0: $
+received 2: client 0: $
+received 2: client 0: $
+received 2: client 0: $
+received 2: client 0: $
+received 2: client 0: $
+received 2: client 0: $
+received 2: client 0: $
+received 2: client 0: $
+received 2: client 0: $
+received 2: client 0: $
+received 2: client 0: $
+received 2: client 0: $
+received 2: client 0: $
+received 2: client 0: $
+received 2: client 0: $
+received 2: client 0: $
+received 2: client 0: $
+received 2: client 0: $
+received 2: client 0: $
+received 2: client 0: $
+received 2: client 0: $
+received 2: client 0: 2na2c8ou6vgzs16xgdrx98r1tup0ghjktm0n4dkhwvvn2ibk34goq8xt7wz8b52hzf4psis53ln2eshtrxnfcr1445ee101apase$
+received 2: client 0: 64pureqnjvo2rkldsjng4o13oa69xiyycqo4zt8nbxcvdp0b8gzo66uvr8pmd0zdbds00emiw30bdjbynkygsm9mmy8435zu65dc$
+received 2: client 0: xlf1pl1w4nak48dlfbvn1hmzg27u9ha4gfyaplokq78k6masnixygjrg14k2fwpah32p2z1m61ug95g4v5nv97sxtjfh57du9jl7$
 received 2: server: client 0 just left$

Diff KO :(
Grade: 0

= Final grade: 0 ===============================================================
