= Host-specific information ====================================================
$> hostname; uname -msr
z4r2p3.42lyon.fr
Linux 5.4.0-139-generic x86_64
$> date
Thu 16 Feb 2023 03:45:31 PM CET

= User files collection ========================================================
Collecting user files from Vogsphere
Repository URL: git@vogsphere.42lyon.fr:exam-2023-02-16/lburnet_exam-rank-06_exam_21h33m54s.git

= Git history ==================================================================
$> git -C /tmp/tmpq1qt8hlp/user log --pretty='%H - %an, %ad : %s'
ab7662bad2f8b5f9b22e829249cbd9dd07015a7d - Exam 42, Thu Feb 16 15:40:33 2023 +0100 : 1st try
 
= Collected files ==========================================
$> ls -lAR /tmp/tmpq1qt8hlp/user
/tmp/tmpq1qt8hlp/user:
total 8
-rw-r--r-- 1 root root  254 Feb 16 15:45 __GIT_HISTORY
drwxr-xr-x 2 root root 4096 Feb 16 15:45 mini_serv

/tmp/tmpq1qt8hlp/user/mini_serv:
total 4
-rw-r--r-- 1 root root 3829 Feb 16 15:45 mini_serv.c
 
= mini_serv ====================================================================
$> cc -Wextra -Wall -Werror fcntl.c mini_serv.c -o user_exe -ldl

$> cc -Wextra -Wall -Werror main.c fcntl.c -o ref_exe -ldl

= Test 1 ===================================================
$> ./jthc7e97xufwjd7brwe4ein7
$> ./jthc7e97xufwjd7brwe4ein7
$> diff -U 3 user_output_test1 test1.output | cat -e

Diff OK :D
= Test 2 ===================================================
$> ./1zvt4ofzr92nlu0986gsk4h2 22
$> ./1zvt4ofzr92nlu0986gsk4h2 22
$> diff -U 3 user_output_test2 test2.output | cat -e

Diff OK :D
= Test 3 ===================================================
$> ./tester ./a0wxx7oixcl5wuhqkzk0vay5 generated3.test 25591610 | sort
$> ./tester ./a0wxx7oixcl5wuhqkzk0vay5 generated3.test 25591610 | sort
$> diff -U 3 user_output_test3 test3.output | cat -e

Diff OK :D
= Test 4 ===================================================
$> ./tester ./0xzsrgrub8hjortt4erdv6a9 generated4.test 30001771 | sort
$> ./tester ./0xzsrgrub8hjortt4erdv6a9 generated4.test 30001771 | sort
$> diff -U 3 user_output_test4 test4.output | cat -e

Diff OK :D
= Test 5 ===================================================
$> ./tester ./sy5zm3ouhi3jm970gdr5qtq9 generated5.test 20761184 | sort
$> ./tester ./sy5zm3ouhi3jm970gdr5qtq9 generated5.test 20761184 | sort
$> diff -U 3 user_output_test5 test5.output | cat -e

Diff OK :D
= Test 6 ===================================================
$> ./tester ./e6lymp8t3goorpoco4yjk8nh generated6.test 27729062 | sort
$> ./tester ./e6lymp8t3goorpoco4yjk8nh generated6.test 27729062 | sort
$> diff -U 3 user_output_test6 test6.output | cat -e

Diff OK :D
= Test 7 ===================================================
$> ./tester ./zpm8el0fydwu0k27g8hdfbtf generated7.test 13425634 | sort
$> ./tester ./zpm8el0fydwu0k27g8hdfbtf generated7.test 13425634 | sort
$> diff -U 3 user_output_test7 test7.output | cat -e
--- user_output_test7	2023-02-16 14:46:01.869294002 +0000$
+++ test7.output	2023-02-16 14:46:04.245295615 +0000$
@@ -1,2 +1,54 @@$
+received 1: client 1: $
+received 1: client 1: $
+received 1: client 1: $
+received 1: client 1: $
+received 1: client 1: $
+received 1: client 1: $
+received 1: client 1: $
+received 1: client 1: $
+received 1: client 1: $
+received 1: client 1: $
+received 1: client 1: $
+received 1: client 1: $
+received 1: client 1: $
+received 1: client 1: $
+received 1: client 1: $
+received 1: client 1: $
+received 1: client 1: $
+received 1: client 1: $
+received 1: client 1: $
+received 1: client 1: $
+received 1: client 1: $
+received 1: client 1: $
+received 1: client 1: $
+received 1: client 1: jgcyihnq3rlita95708g3x0t2vwjxa31m4mimuz1r1enddqhhianrt6b05javyz76gckgx4s4dyulw2gtnma233gbmkzycbdc95j$
+received 1: client 1: s5euhtt24hdoprkutb1ifsfltr5h3ewhvyunddo7ua0v5710kg5w0o342epczg65lnaa7kmw9hrro22t7bp4bcq6jfffc23sfc9l$
+received 1: client 1: znk6wy6rv2omrp2ei5qry7ly1kzflqc3mibb0w27mdekxysa28yj4koa6evhx85kdcf9yrhyfuhj09ofzcpoymky60cez5bkb5s7$
 received 1: server: client 1 just arrived$
+received 2: client 0: $
+received 2: client 0: $
+received 2: client 0: $
+received 2: client 0: $
+received 2: client 0: $
+received 2: client 0: $
+received 2: client 0: $
+received 2: client 0: $
+received 2: client 0: $
+received 2: client 0: $
+received 2: client 0: $
+received 2: client 0: $
+received 2: client 0: $
+received 2: client 0: $
+received 2: client 0: $
+received 2: client 0: $
+received 2: client 0: $
+received 2: client 0: $
+received 2: client 0: $
+received 2: client 0: $
+received 2: client 0: $
+received 2: client 0: $
+received 2: client 0: $
+received 2: client 0: 8pksog0pnzt1f5qw0wrm101lqmyt7vmylevwapdt59cxm77atgobdasx54hmxenprie5dczo7yjtlug2b3oj3h9on5h9w58koc8k$
+received 2: client 0: v01mnol91cbh0kersqlpnfitwdn7jmjgzqle2suyb3ni28hoq18u90w32rj843feafyctepjtio2gwalgdcfhnjuab25t6oc4h6n$
+received 2: client 0: zh91iwumcjc3zgzmet59nlr4dn29bnpgq2g140qnpi2tp1blgznkpehnlot1remxf0w4g1b9dhg4xwjkw7o8zxzhiald7c8tngpx$
 received 2: server: client 0 just left$

Diff KO :(
Grade: 0

= Final grade: 0 ===============================================================
